<?xml version="1.0" encoding="UTF-8"?>
<testng-results ignored="0" total="1" passed="1" failed="0" skipped="0">
  <reporter-output>
  </reporter-output>
  <suite started-at="2024-04-06T06:04:29Z" name="Suite" finished-at="2024-04-06T06:05:04Z" duration-ms="35320">
    <groups>
    </groups>
    <test started-at="2024-04-06T06:04:29Z" name="Test" finished-at="2024-04-06T06:05:04Z" duration-ms="35320">
      <class name="health.Tests.ErrorVal">
        <test-method signature="error()[pri:0, instance:health.Tests.ErrorVal@34c01041]" started-at="2024-04-06T06:04:29Z" name="error" finished-at="2024-04-06T06:05:04Z" duration-ms="35283" status="PASS">
          <reporter-output>
          </reporter-output>
        </test-method> <!-- error -->
      </class> <!-- health.Tests.ErrorVal -->
    </test> <!-- Test -->
  </suite> <!-- Suite -->
</testng-results>
