<?xml version="1.0" encoding="UTF-8"?>
<testng-results ignored="0" total="1" passed="1" failed="0" skipped="0">
  <reporter-output>
  </reporter-output>
  <suite started-at="2024-05-22T00:50:28Z" name="Suite" finished-at="2024-05-22T00:50:52Z" duration-ms="24509">
    <groups>
    </groups>
    <test started-at="2024-05-22T00:50:28Z" name="Test" finished-at="2024-05-22T00:50:52Z" duration-ms="24509">
      <class name="health.Tests.ErrorVal">
        <test-method signature="error()[pri:0, instance:health.Tests.ErrorVal@6d304f9d]" started-at="2024-05-22T00:50:28Z" name="error" finished-at="2024-05-22T00:50:52Z" duration-ms="24468" status="PASS">
          <reporter-output>
          </reporter-output>
        </test-method> <!-- error -->
      </class> <!-- health.Tests.ErrorVal -->
    </test> <!-- Test -->
  </suite> <!-- Suite -->
</testng-results>
